Vivado Simulator 2018.2
Copyright 1986-1999, 2001-2018 Xilinx, Inc. All Rights Reserved.
Running: /usr/local/insa/Xilinx.VIVADO/Vivado/2018.2/bin/unwrapped/lnx64.o/xelab -wto 39c001c14326492ca8dbafd8e58e4d86 --incr --debug typical --relax --mt 8 -L xil_defaultlib -L secureip --snapshot Sim_Proc_behav xil_defaultlib.Sim_Proc -log elaborate.log 
Using 8 slave threads.
Starting static elaboration
Completed static elaboration
Starting simulation data flow analysis
Completed simulation data flow analysis
Time Resolution for simulation is 1ps
Compiling package std.standard
Compiling package std.textio
Compiling package ieee.std_logic_1164
Compiling package ieee.std_logic_arith
Compiling package ieee.std_logic_unsigned
Compiling package ieee.numeric_std
Compiling architecture behavioral of entity xil_defaultlib.Compteur_8bits [compteur_8bits_default]
Compiling architecture behavioral of entity xil_defaultlib.Instruction_Memory [instruction_memory_default]
Compiling architecture behavioral of entity xil_defaultlib.Pipeline [pipeline_default]
Compiling architecture behavioral of entity xil_defaultlib.Banc_Registre [banc_registre_default]
Compiling architecture behavioral of entity xil_defaultlib.UAL [ual_default]
Compiling architecture behavioral of entity xil_defaultlib.Data_Memory [data_memory_default]
Compiling architecture behavioral of entity xil_defaultlib.AleaManager [aleamanager_default]
Compiling architecture behavioral of entity xil_defaultlib.CPU [cpu_default]
Compiling architecture behavioral of entity xil_defaultlib.sim_proc
Built simulation snapshot Sim_Proc_behav
